<?xml version="1.0" encoding="UTF-8"?>
<!-- Generated by org.testng.reporters.JUnitReportReporter -->
<testsuite hostname="ADMIN" failures="0" tests="1" name="com.qa.fb.keyword.tests.LoginTest" time="41.449" errors="0" timestamp="2022-08-15T23:09:21 IST" skipped="0">
  <testcase classname="com.qa.fb.keyword.tests.LoginTest" name="loginTest" time="41.449"/>
  <system-out/>
</testsuite> <!-- com.qa.fb.keyword.tests.LoginTest -->
